File: src/advanced_langevin_proof.lean
Timestamp: 2025-08-22T12:23:30.113965
Runtime: 0.70s
Success: False

=== ERROR ===
Exit code 1
Stdout: src/advanced_langevin_proof.lean:5:0: error: unknown package 'data'
src/advanced_langevin_proof.lean:13:17: error: unknown constant 'OfNat'
src/advanced_langevin_proof.lean:13:17: error: unknown constant 'sorryAx'
src/advanced_langevin_proof.lean:14:20: error: unknown identifier 'fin'
src/advanced_langevin_proof.lean:14:20: error: unknown constant 'sorryAx'
src/advanced_langevin_proof.lean:14:20: error: unknown constant 'sorryAx'
src/advanced_langevin_proof.lean:15:19: error: unknown identifier 'ℝ'
src/advanced_langevin_proof.lean:15:19: error: unknown constant 'sorryAx'
src/advanced_langevin_proof.lean:19:5: error: unexpected token ','; expected '↦', '=>'
src/advanced_langevin_proof.lean:22:5: error: unexpected token ','; expected '↦', '=>'
src/advanced_langevin_proof.lean:25:13: error: expected token
src/advanced_langevin_proof.lean:28:28: error: unknown identifier 'vector_state'
src/advanced_langevin_proof.lean:28:28: error: unknown constant 'sorryAx'
src/advanced_langevin_proof.lean:28:28: error: unknown constant 'sorryAx'
src/advanced_langevin_proof.lean:31:29: error: unknown identifier 'vector_time'
src/advanced_langevin_proof.lean:31:29: error: unknown constant 'sorryAx'
src/advanced_langevin_proof.lean:31:29: error: unknown constant 'sorryAx'
src/advanced_langevin_proof.lean:38:54: error: expected token
src/advanced_langevin_proof.lean:42:5: error: unexpected token ','; expected '↦', '=>'
src/advanced_langevin_proof.lean:46:5: error: unexpected token ','; expected '↦', '=>'
src/advanced_langevin_proof.lean:51:30: error: unexpected token ','; expected '↦', '=>'
src/advanced_langevin_proof.lean:63:2: error: unknown identifier 'vector_add'
src/advanced_langevin_proof.lean:63:2: error: unknown constant 'sorryAx'
src/advanced_langevin_proof.lean:62:4: error: unknown constant 'sorryAx'
src/advanced_langevin_proof.lean:67:2: error: unknown identifier 'vector_evolution_equation'
src/advanced_langevin_proof.lean:67:2: error: unknown constant 'sorryAx'
src/advanced_langevin_proof.lean:66:4: error: unknown constant 'sorryAx'
src/advanced_langevin_proof.lean:71:2: error: expected token
src/advanced_langevin_proof.lean:75:0: error: invalid 'end', insufficient scopes
src/advanced_langevin_proof.lean:79:36: error: expected token
src/advanced_langevin_proof.lean:83:0: error: invalid 'end', insufficient scopes
src/advanced_langevin_proof.lean:87:61: error: expected token
src/advanced_langevin_proof.lean:93:0: error: invalid 'end', insufficient scopes
src/advanced_langevin_proof.lean:97:23: error: expected token
src/advanced_langevin_proof.lean:103:0: error: invalid 'end', insufficient scopes
src/advanced_langevin_proof.lean:107:4: error: expected token
src/advanced_langevin_proof.lean:114:0: error: invalid 'end', insufficient scopes
src/advanced_langevin_proof.lean:118:36: error: expected token
src/advanced_langevin_proof.lean:124:0: error: invalid 'end', insufficient scopes
src/advanced_langevin_proof.lean:128:72: error: expected token
src/advanced_langevin_proof.lean:136:0: error: invalid 'end', insufficient scopes
src/advanced_langevin_proof.lean:140:37: error: expected token
src/advanced_langevin_proof.lean:147:0: error: invalid 'end', insufficient scopes

Stderr: 