{
  "file": "src/maclane_birkhoff_survey_modern_algebra_sections_1.1_to_1.2.lean",
  "success": false,
  "output": "",
  "error": "Exit code 1\nStdout: src/maclane_birkhoff_survey_modern_algebra_sections_1.1_to_1.2.lean:1:0: error: unknown package 'algebra'\nsrc/maclane_birkhoff_survey_modern_algebra_sections_1.1_to_1.2.lean:19:5: error: unknown namespace 'rat'\nsrc/maclane_birkhoff_survey_modern_algebra_sections_1.1_to_1.2.lean:20:5: error: unknown namespace 'nat'\nsrc/maclane_birkhoff_survey_modern_algebra_sections_1.1_to_1.2.lean:21:5: error: unknown namespace 'tactic'\nsrc/maclane_birkhoff_survey_modern_algebra_sections_1.1_to_1.2.lean:22:5: error: unknown namespace 'real'\nsrc/maclane_birkhoff_survey_modern_algebra_sections_1.1_to_1.2.lean:32:7: error: unknown identifier 'integral_domain'\nsrc/maclane_birkhoff_survey_modern_algebra_sections_1.1_to_1.2.lean:32:0: error: unknown constant 'sorryAx'\nsrc/maclane_birkhoff_survey_modern_algebra_sections_1.1_to_1.2.lean:36:7: error: unknown identifier '\u2124'\nsrc/maclane_birkhoff_survey_modern_algebra_sections_1.1_to_1.2.lean:36:0: error: unknown constant 'sorryAx'\nsrc/maclane_birkhoff_survey_modern_algebra_sections_1.1_to_1.2.lean:36:8: error: expected token\nsrc/maclane_birkhoff_survey_modern_algebra_sections_1.1_to_1.2.lean:42:10: error: unexpected token '{'; expected command\nsrc/maclane_birkhoff_survey_modern_algebra_sections_1.1_to_1.2.lean:53:0: error: invalid 'end', name mismatch (expected ch1A)\nsrc/maclane_birkhoff_survey_modern_algebra_sections_1.1_to_1.2.lean:55:6: error: unexpected identifier; expected command\nsrc/maclane_birkhoff_survey_modern_algebra_sections_1.1_to_1.2.lean:62:0: error: invalid 'end', insufficient scopes\nsrc/maclane_birkhoff_survey_modern_algebra_sections_1.1_to_1.2.lean:64:6: error: unexpected identifier; expected command\nsrc/maclane_birkhoff_survey_modern_algebra_sections_1.1_to_1.2.lean:70:0: error: invalid 'end', insufficient scopes\nsrc/maclane_birkhoff_survey_modern_algebra_sections_1.1_to_1.2.lean:72:6: error: unexpected identifier; expected command\nsrc/maclane_birkhoff_survey_modern_algebra_sections_1.1_to_1.2.lean:79:0: error: invalid 'end', insufficient scopes\nsrc/maclane_birkhoff_survey_modern_algebra_sections_1.1_to_1.2.lean:81:6: error: unexpected identifier; expected command\nsrc/maclane_birkhoff_survey_modern_algebra_sections_1.1_to_1.2.lean:88:18: error: expected token\nsrc/maclane_birkhoff_survey_modern_algebra_sections_1.1_to_1.2.lean:112:0: error: invalid 'end', insufficient scopes\nsrc/maclane_birkhoff_survey_modern_algebra_sections_1.1_to_1.2.lean:114:25: error: unexpected token '-'; expected ')' or term\nsrc/maclane_birkhoff_survey_modern_algebra_sections_1.1_to_1.2.lean:120:10: error: unknown constant 'CoeFun'\nsrc/maclane_birkhoff_survey_modern_algebra_sections_1.1_to_1.2.lean:120:10: error: unknown constant 'sorryAx'\nsrc/maclane_birkhoff_survey_modern_algebra_sections_1.1_to_1.2.lean:120:31: error: unknown identifier 'subring.subring.domain'\nsrc/maclane_birkhoff_survey_modern_algebra_sections_1.1_to_1.2.lean:120:31: error: unknown constant 'sorryAx'\nsrc/maclane_birkhoff_survey_modern_algebra_sections_1.1_to_1.2.lean:124:11: error: unexpected token ':'; expected command\nsrc/maclane_birkhoff_survey_modern_algebra_sections_1.1_to_1.2.lean:127:0: error: invalid 'end', insufficient scopes\nsrc/maclane_birkhoff_survey_modern_algebra_sections_1.1_to_1.2.lean:129:6: error: unexpected identifier; expected command\nsrc/maclane_birkhoff_survey_modern_algebra_sections_1.1_to_1.2.lean:132:0: error: invalid 'end', insufficient scopes\nsrc/maclane_birkhoff_survey_modern_algebra_sections_1.1_to_1.2.lean:134:6: error: unexpected identifier; expected command\nsrc/maclane_birkhoff_survey_modern_algebra_sections_1.1_to_1.2.lean:137:0: error: invalid 'end', insufficient scopes\nsrc/maclane_birkhoff_survey_modern_algebra_sections_1.1_to_1.2.lean:139:6: error: unexpected identifier; expected command\nsrc/maclane_birkhoff_survey_modern_algebra_sections_1.1_to_1.2.lean:142:0: error: invalid 'end', insufficient scopes\nsrc/maclane_birkhoff_survey_modern_algebra_sections_1.1_to_1.2.lean:144:6: error: unexpected identifier; expected command\nsrc/maclane_birkhoff_survey_modern_algebra_sections_1.1_to_1.2.lean:147:0: error: invalid 'end', insufficient scopes\nsrc/maclane_birkhoff_survey_modern_algebra_sections_1.1_to_1.2.lean:149:6: error: unexpected identifier; expected command\nsrc/maclane_birkhoff_survey_modern_algebra_sections_1.1_to_1.2.lean:152:0: error: invalid 'end', insufficient scopes\nsrc/maclane_birkhoff_survey_modern_algebra_sections_1.1_to_1.2.lean:154:6: error: unexpected identifier; expected command\nsrc/maclane_birkhoff_survey_modern_algebra_sections_1.1_to_1.2.lean:157:0: error: invalid 'end', insufficient scopes\nsrc/maclane_birkhoff_survey_modern_algebra_sections_1.1_to_1.2.lean:159:7: error: unknown identifier 'rule_8'\nsrc/maclane_birkhoff_survey_modern_algebra_sections_1.1_to_1.2.lean:159:0: error: unknown constant 'sorryAx'\nsrc/maclane_birkhoff_survey_modern_algebra_sections_1.1_to_1.2.lean:161:11: error: unexpected token ':'; expected command\nsrc/maclane_birkhoff_survey_modern_algebra_sections_1.1_to_1.2.lean:164:0: error: invalid 'end', insufficient scopes\nsrc/maclane_birkhoff_survey_modern_algebra_sections_1.1_to_1.2.lean:167:10: error: unexpected token '{'; expected command\nsrc/maclane_birkhoff_survey_modern_algebra_sections_1.1_to_1.2.lean:182:0: error: invalid 'end', insufficient scopes\nsrc/maclane_birkhoff_survey_modern_algebra_sections_1.1_to_1.2.lean:184:6: error: unexpected identifier; expected command\nsrc/maclane_birkhoff_survey_modern_algebra_sections_1.1_to_1.2.lean:193:0: error: invalid 'end', insufficient scopes\nsrc/maclane_birkhoff_survey_modern_algebra_sections_1.1_to_1.2.lean:195:6: error: unexpected identifier; expected command\nsrc/maclane_birkhoff_survey_modern_algebra_sections_1.1_to_1.2.lean:198:0: error: invalid 'end', insufficient scopes\nsrc/maclane_birkhoff_survey_modern_algebra_sections_1.1_to_1.2.lean:200:6: error: unexpected identifier; expected command\nsrc/maclane_birkhoff_survey_modern_algebra_sections_1.1_to_1.2.lean:203:0: error: invalid 'end', insufficient scopes\nsrc/maclane_birkhoff_survey_modern_algebra_sections_1.1_to_1.2.lean:205:6: error: unexpected identifier; expected command\nsrc/maclane_birkhoff_survey_modern_algebra_sections_1.1_to_1.2.lean:208:0: error: invalid 'end', insufficient scopes\nsrc/maclane_birkhoff_survey_modern_algebra_sections_1.1_to_1.2.lean:210:6: error: unexpected identifier; expected command\nsrc/maclane_birkhoff_survey_modern_algebra_sections_1.1_to_1.2.lean:213:0: error: invalid 'end', insufficient scopes\nsrc/maclane_birkhoff_survey_modern_algebra_sections_1.1_to_1.2.lean:215:6: error: unexpected identifier; expected command\nsrc/maclane_birkhoff_survey_modern_algebra_sections_1.1_to_1.2.lean:218:0: error: invalid 'end', insufficient scopes\nsrc/maclane_birkhoff_survey_modern_algebra_sections_1.1_to_1.2.lean:220:7: error: unknown identifier 'rule_9'\nsrc/maclane_birkhoff_survey_modern_algebra_sections_1.1_to_1.2.lean:220:0: error: unknown constant 'sorryAx'\nsrc/maclane_birkhoff_survey_modern_algebra_sections_1.1_to_1.2.lean:222:10: error: unexpected token ':'; expected command\nsrc/maclane_birkhoff_survey_modern_algebra_sections_1.1_to_1.2.lean:225:0: error: invalid 'end', insufficient scopes\nsrc/maclane_birkhoff_survey_modern_algebra_sections_1.1_to_1.2.lean:227:0: error: invalid 'end', insufficient scopes\nsrc/maclane_birkhoff_survey_modern_algebra_sections_1.1_to_1.2.lean:232:10: error: unexpected token '{'; expected command\nsrc/maclane_birkhoff_survey_modern_algebra_sections_1.1_to_1.2.lean:237:0: error: invalid 'end', name mismatch (expected ch1B)\nsrc/maclane_birkhoff_survey_modern_algebra_sections_1.1_to_1.2.lean:239:6: error: unexpected identifier; expected command\nsrc/maclane_birkhoff_survey_modern_algebra_sections_1.1_to_1.2.lean:242:0: error: invalid 'end', insufficient scopes\nsrc/maclane_birkhoff_survey_modern_algebra_sections_1.1_to_1.2.lean:244:6: error: unexpected identifier; expected command\nsrc/maclane_birkhoff_survey_modern_algebra_sections_1.1_to_1.2.lean:247:0: error: invalid 'end', insufficient scopes\nsrc/maclane_birkhoff_survey_modern_algebra_sections_1.1_to_1.2.lean:249:6: error: unexpected identifier; expected command\nsrc/maclane_birkhoff_survey_modern_algebra_sections_1.1_to_1.2.lean:259:4: error: invalid 'end', insufficient scopes\nsrc/maclane_birkhoff_survey_modern_algebra_sections_1.1_to_1.2.lean:259:7: error: unexpected token ','; expected command\nsrc/maclane_birkhoff_survey_modern_algebra_sections_1.1_to_1.2.lean:267:4: error: invalid 'end', insufficient scopes\nsrc/maclane_birkhoff_survey_modern_algebra_sections_1.1_to_1.2.lean:267:7: error: unexpected token ','; expected command\nsrc/maclane_birkhoff_survey_modern_algebra_sections_1.1_to_1.2.lean:282:4: error: invalid 'end', insufficient scopes\nsrc/maclane_birkhoff_survey_modern_algebra_sections_1.1_to_1.2.lean:282:7: error: unexpected token ','; expected command\nsrc/maclane_birkhoff_survey_modern_algebra_sections_1.1_to_1.2.lean:289:4: error: invalid 'end', insufficient scopes\nsrc/maclane_birkhoff_survey_modern_algebra_sections_1.1_to_1.2.lean:289:7: error: unexpected token ','; expected command\nsrc/maclane_birkhoff_survey_modern_algebra_sections_1.1_to_1.2.lean:292:0: error: invalid 'end', insufficient scopes\nsrc/maclane_birkhoff_survey_modern_algebra_sections_1.1_to_1.2.lean:294:6: error: unexpected identifier; expected command\nsrc/maclane_birkhoff_survey_modern_algebra_sections_1.1_to_1.2.lean:297:0: error: invalid 'end', insufficient scopes\nsrc/maclane_birkhoff_survey_modern_algebra_sections_1.1_to_1.2.lean:299:19: error: unknown constant 'CoeFun'\nsrc/maclane_birkhoff_survey_modern_algebra_sections_1.1_to_1.2.lean:299:19: error: unknown constant 'sorryAx'\nsrc/maclane_birkhoff_survey_modern_algebra_sections_1.1_to_1.2.lean:300:2: error: unknown identifier 'decidable_of_iff''\nsrc/maclane_birkhoff_survey_modern_algebra_sections_1.1_to_1.2.lean:300:2: error: unknown constant 'sorryAx'\nsrc/maclane_birkhoff_survey_modern_algebra_sections_1.1_to_1.2.lean:302:16: error: expected token\nsrc/maclane_birkhoff_survey_modern_algebra_sections_1.1_to_1.2.lean:305:16: error: expected token\nsrc/maclane_birkhoff_survey_modern_algebra_sections_1.1_to_1.2.lean:317:0: error: invalid 'end', insufficient scopes\nsrc/maclane_birkhoff_survey_modern_algebra_sections_1.1_to_1.2.lean:319:16: error: expected token\nsrc/maclane_birkhoff_survey_modern_algebra_sections_1.1_to_1.2.lean:329:0: error: invalid 'end', insufficient scopes\nsrc/maclane_birkhoff_survey_modern_algebra_sections_1.1_to_1.2.lean:333:15: error: expected token\nsrc/maclane_birkhoff_survey_modern_algebra_sections_1.1_to_1.2.lean:358:0: error: invalid 'end', insufficient scopes\nsrc/maclane_birkhoff_survey_modern_algebra_sections_1.1_to_1.2.lean:391:49: error: expected token\nsrc/maclane_birkhoff_survey_modern_algebra_sections_1.1_to_1.2.lean:409:0: error: invalid 'end', insufficient scopes\nsrc/maclane_birkhoff_survey_modern_algebra_sections_1.1_to_1.2.lean:411:6: error: unexpected identifier; expected command\nsrc/maclane_birkhoff_survey_modern_algebra_sections_1.1_to_1.2.lean:414:0: error: invalid 'end', insufficient scopes\nsrc/maclane_birkhoff_survey_modern_algebra_sections_1.1_to_1.2.lean:416:6: error: unexpected identifier; expected command\nsrc/maclane_birkhoff_survey_modern_algebra_sections_1.1_to_1.2.lean:419:0: error: invalid 'end', insufficient scopes\nsrc/maclane_birkhoff_survey_modern_algebra_sections_1.1_to_1.2.lean:421:6: error: unexpected identifier; expected command\nsrc/maclane_birkhoff_survey_modern_algebra_sections_1.1_to_1.2.lean:430:0: error: invalid 'end', insufficient scopes\nsrc/maclane_birkhoff_survey_modern_algebra_sections_1.1_to_1.2.lean:432:6: error: unexpected identifier; expected command\nsrc/maclane_birkhoff_survey_modern_algebra_sections_1.1_to_1.2.lean:435:0: error: invalid 'end', insufficient scopes\nsrc/maclane_birkhoff_survey_modern_algebra_sections_1.1_to_1.2.lean:437:6: error: unexpected identifier; expected command\nsrc/maclane_birkhoff_survey_modern_algebra_sections_1.1_to_1.2.lean:447:0: error: invalid 'end', insufficient scopes\nsrc/maclane_birkhoff_survey_modern_algebra_sections_1.1_to_1.2.lean:449:6: error: unexpected identifier; expected command\nsrc/maclane_birkhoff_survey_modern_algebra_sections_1.1_to_1.2.lean:454:0: error: invalid 'end', insufficient scopes\nsrc/maclane_birkhoff_survey_modern_algebra_sections_1.1_to_1.2.lean:456:6: error: unexpected identifier; expected command\nsrc/maclane_birkhoff_survey_modern_algebra_sections_1.1_to_1.2.lean:459:0: error: invalid 'end', insufficient scopes\nsrc/maclane_birkhoff_survey_modern_algebra_sections_1.1_to_1.2.lean:461:6: error: unexpected identifier; expected command\nsrc/maclane_birkhoff_survey_modern_algebra_sections_1.1_to_1.2.lean:464:0: error: invalid 'end', insufficient scopes\nsrc/maclane_birkhoff_survey_modern_algebra_sections_1.1_to_1.2.lean:466:6: error: unexpected identifier; expected command\nsrc/maclane_birkhoff_survey_modern_algebra_sections_1.1_to_1.2.lean:470:0: error: invalid 'end', insufficient scopes\nsrc/maclane_birkhoff_survey_modern_algebra_sections_1.1_to_1.2.lean:472:6: error: unexpected identifier; expected command\nsrc/maclane_birkhoff_survey_modern_algebra_sections_1.1_to_1.2.lean:476:0: error: invalid 'end', insufficient scopes\nsrc/maclane_birkhoff_survey_modern_algebra_sections_1.1_to_1.2.lean:478:6: error: unexpected identifier; expected command\nsrc/maclane_birkhoff_survey_modern_algebra_sections_1.1_to_1.2.lean:489:4: error: invalid 'end', insufficient scopes\nsrc/maclane_birkhoff_survey_modern_algebra_sections_1.1_to_1.2.lean:489:7: error: unexpected token ','; expected command\nsrc/maclane_birkhoff_survey_modern_algebra_sections_1.1_to_1.2.lean:507:0: error: invalid 'end', insufficient scopes\nsrc/maclane_birkhoff_survey_modern_algebra_sections_1.1_to_1.2.lean:509:6: error: unexpected identifier; expected command\nsrc/maclane_birkhoff_survey_modern_algebra_sections_1.1_to_1.2.lean:517:0: error: invalid 'end', insufficient scopes\nsrc/maclane_birkhoff_survey_modern_algebra_sections_1.1_to_1.2.lean:519:6: error: unexpected identifier; expected command\nsrc/maclane_birkhoff_survey_modern_algebra_sections_1.1_to_1.2.lean:534:0: error: invalid 'end', insufficient scopes\nsrc/maclane_birkhoff_survey_modern_algebra_sections_1.1_to_1.2.lean:536:6: error: unexpected identifier; expected command\nsrc/maclane_birkhoff_survey_modern_algebra_sections_1.1_to_1.2.lean:542:0: error: invalid 'end', insufficient scopes\nsrc/maclane_birkhoff_survey_modern_algebra_sections_1.1_to_1.2.lean:544:43: error: unexpected token '|'; expected '}'\nsrc/maclane_birkhoff_survey_modern_algebra_sections_1.1_to_1.2.lean:565:0: error: invalid 'end', insufficient scopes\nsrc/maclane_birkhoff_survey_modern_algebra_sections_1.1_to_1.2.lean:567:6: error: unexpected identifier; expected command\nsrc/maclane_birkhoff_survey_modern_algebra_sections_1.1_to_1.2.lean:572:0: error: invalid 'end', insufficient scopes\nsrc/maclane_birkhoff_survey_modern_algebra_sections_1.1_to_1.2.lean:575:15: error: unexpected token '|'; expected ':' or '}'\nsrc/maclane_birkhoff_survey_modern_algebra_sections_1.1_to_1.2.lean:582:2: error: invalid 'end', insufficient scopes\nsrc/maclane_birkhoff_survey_modern_algebra_sections_1.1_to_1.2.lean:582:5: error: unexpected token ','; expected command\nsrc/maclane_birkhoff_survey_modern_algebra_sections_1.1_to_1.2.lean:592:57: error: unexpected token '|'; expected '}'\nsrc/maclane_birkhoff_survey_modern_algebra_sections_1.1_to_1.2.lean:595:58: error: unexpected token '|'; expected '}'\nsrc/maclane_birkhoff_survey_modern_algebra_sections_1.1_to_1.2.lean:605:0: error: invalid 'end', insufficient scopes\nsrc/maclane_birkhoff_survey_modern_algebra_sections_1.1_to_1.2.lean:610:6: error: unexpected identifier; expected command\nsrc/maclane_birkhoff_survey_modern_algebra_sections_1.1_to_1.2.lean:617:0: error: invalid 'end', insufficient scopes\nsrc/maclane_birkhoff_survey_modern_algebra_sections_1.1_to_1.2.lean:619:6: error: unexpected identifier; expected command\nsrc/maclane_birkhoff_survey_modern_algebra_sections_1.1_to_1.2.lean:630:0: error: invalid 'end', insufficient scopes\nsrc/maclane_birkhoff_survey_modern_algebra_sections_1.1_to_1.2.lean:633:6: error: unexpected identifier; expected command\nsrc/maclane_birkhoff_survey_modern_algebra_sections_1.1_to_1.2.lean:639:0: error: invalid 'end', insufficient scopes\nsrc/maclane_birkhoff_survey_modern_algebra_sections_1.1_to_1.2.lean:642:6: error: unexpected identifier; expected command\nsrc/maclane_birkhoff_survey_modern_algebra_sections_1.1_to_1.2.lean:648:0: error: invalid 'end', insufficient scopes\nsrc/maclane_birkhoff_survey_modern_algebra_sections_1.1_to_1.2.lean:652:19: error: unexpected token '|'; expected '}'\nsrc/maclane_birkhoff_survey_modern_algebra_sections_1.1_to_1.2.lean:658:2: error: invalid 'end', insufficient scopes\nsrc/maclane_birkhoff_survey_modern_algebra_sections_1.1_to_1.2.lean:658:5: error: unexpected token ','; expected command\nsrc/maclane_birkhoff_survey_modern_algebra_sections_1.1_to_1.2.lean:668:2: error: invalid 'end', insufficient scopes\nsrc/maclane_birkhoff_survey_modern_algebra_sections_1.1_to_1.2.lean:668:5: error: unexpected token ','; expected command\nsrc/maclane_birkhoff_survey_modern_algebra_sections_1.1_to_1.2.lean:675:2: error: invalid 'end', insufficient scopes\nsrc/maclane_birkhoff_survey_modern_algebra_sections_1.1_to_1.2.lean:675:5: error: unexpected token ','; expected command\nsrc/maclane_birkhoff_survey_modern_algebra_sections_1.1_to_1.2.lean:688:2: error: invalid 'end', insufficient scopes\nsrc/maclane_birkhoff_survey_modern_algebra_sections_1.1_to_1.2.lean:688:5: error: unexpected token ','; expected command\nsrc/maclane_birkhoff_survey_modern_algebra_sections_1.1_to_1.2.lean:699:2: error: invalid 'end', insufficient scopes\nsrc/maclane_birkhoff_survey_modern_algebra_sections_1.1_to_1.2.lean:699:5: error: unexpected token ','; expected command\nsrc/maclane_birkhoff_survey_modern_algebra_sections_1.1_to_1.2.lean:702:43: error: unexpected token '|'; expected '}'\nsrc/maclane_birkhoff_survey_modern_algebra_sections_1.1_to_1.2.lean:714:11: error: unexpected token ':='; expected '=>'\nsrc/maclane_birkhoff_survey_modern_algebra_sections_1.1_to_1.2.lean:720:11: error: unexpected token ':='; expected '=>'\nsrc/maclane_birkhoff_survey_modern_algebra_sections_1.1_to_1.2.lean:726:6: error: unexpected token ':='; expected '=>'\nsrc/maclane_birkhoff_survey_modern_algebra_sections_1.1_to_1.2.lean:729:11: error: unknown constant 'CoeFun'\nsrc/maclane_birkhoff_survey_modern_algebra_sections_1.1_to_1.2.lean:729:11: error: unknown constant 'sorryAx'\nsrc/maclane_birkhoff_survey_modern_algebra_sections_1.1_to_1.2.lean:729:24: error: invalid constructor \u27e8...\u27e9, expected type must be an inductive type \n  ?m.235\nsrc/maclane_birkhoff_survey_modern_algebra_sections_1.1_to_1.2.lean:729:24: error: unknown constant 'sorryAx'\nsrc/maclane_birkhoff_survey_modern_algebra_sections_1.1_to_1.2.lean:730:11: error: unknown constant 'CoeFun'\nsrc/maclane_birkhoff_survey_modern_algebra_sections_1.1_to_1.2.lean:730:11: error: unknown constant 'sorryAx'\nsrc/maclane_birkhoff_survey_modern_algebra_sections_1.1_to_1.2.lean:730:24: error: invalid constructor \u27e8...\u27e9, expected type must be an inductive type \n  ?m.253\nsrc/maclane_birkhoff_survey_modern_algebra_sections_1.1_to_1.2.lean:730:24: error: unknown constant 'sorryAx'\nsrc/maclane_birkhoff_survey_modern_algebra_sections_1.1_to_1.2.lean:731:11: error: unknown constant 'CoeFun'\nsrc/maclane_birkhoff_survey_modern_algebra_sections_1.1_to_1.2.lean:731:11: error: unknown constant 'sorryAx'\nsrc/maclane_birkhoff_survey_modern_algebra_sections_1.1_to_1.2.lean:731:25: error: invalid constructor \u27e8...\u27e9, expected type must be an inductive type \n  ?m.271\nsrc/maclane_birkhoff_survey_modern_algebra_sections_1.1_to_1.2.lean:731:25: error: unknown constant 'sorryAx'\nsrc/maclane_birkhoff_survey_modern_algebra_sections_1.1_to_1.2.lean:732:11: error: unknown constant 'CoeFun'\nsrc/maclane_birkhoff_survey_modern_algebra_sections_1.1_to_1.2.lean:732:11: error: unknown constant 'sorryAx'\nsrc/maclane_birkhoff_survey_modern_algebra_sections_1.1_to_1.2.lean:732:24: error: invalid constructor \u27e8...\u27e9, expected type must be an inductive type \n  ?m.289\nsrc/maclane_birkhoff_survey_modern_algebra_sections_1.1_to_1.2.lean:732:24: error: unknown constant 'sorryAx'\nsrc/maclane_birkhoff_survey_modern_algebra_sections_1.1_to_1.2.lean:733:11: error: unknown constant 'CoeFun'\nsrc/maclane_birkhoff_survey_modern_algebra_sections_1.1_to_1.2.lean:733:11: error: unknown constant 'sorryAx'\nsrc/maclane_birkhoff_survey_modern_algebra_sections_1.1_to_1.2.lean:733:24: error: invalid constructor \u27e8...\u27e9, expected type must be an inductive type \n  ?m.307\nsrc/maclane_birkhoff_survey_modern_algebra_sections_1.1_to_1.2.lean:733:24: error: unknown constant 'sorryAx'\nsrc/maclane_birkhoff_survey_modern_algebra_sections_1.1_to_1.2.lean:735:27: error: expected token\nsrc/maclane_birkhoff_survey_modern_algebra_sections_1.1_to_1.2.lean:738:0: error: invalid 'end', name is missing (expected ex7A)\nsrc/maclane_birkhoff_survey_modern_algebra_sections_1.1_to_1.2.lean:740:29: error: unexpected token '+'; expected ':=', 'where' or '|'\nsrc/maclane_birkhoff_survey_modern_algebra_sections_1.1_to_1.2.lean:744:0: error: invalid 'end', insufficient scopes\nsrc/maclane_birkhoff_survey_modern_algebra_sections_1.1_to_1.2.lean:746:29: error: unexpected token '+'; expected ':=', 'where' or '|'\nsrc/maclane_birkhoff_survey_modern_algebra_sections_1.1_to_1.2.lean:750:0: error: invalid 'end', insufficient scopes\nsrc/maclane_birkhoff_survey_modern_algebra_sections_1.1_to_1.2.lean:752:28: error: unexpected token '*'; expected ':=', 'where' or '|'\nsrc/maclane_birkhoff_survey_modern_algebra_sections_1.1_to_1.2.lean:756:0: error: invalid 'end', insufficient scopes\nsrc/maclane_birkhoff_survey_modern_algebra_sections_1.1_to_1.2.lean:758:28: error: unexpected token '*'; expected ':=', 'where' or '|'\nsrc/maclane_birkhoff_survey_modern_algebra_sections_1.1_to_1.2.lean:762:0: error: invalid 'end', insufficient scopes\nsrc/maclane_birkhoff_survey_modern_algebra_sections_1.1_to_1.2.lean:764:34: error: unexpected token '+'; expected ':=', 'where' or '|'\nsrc/maclane_birkhoff_survey_modern_algebra_sections_1.1_to_1.2.lean:777:0: error: invalid 'end', insufficient scopes\nsrc/maclane_birkhoff_survey_modern_algebra_sections_1.1_to_1.2.lean:779:31: error: unexpected token '-'; expected term\nsrc/maclane_birkhoff_survey_modern_algebra_sections_1.1_to_1.2.lean:783:0: error: invalid 'end', insufficient scopes\nsrc/maclane_birkhoff_survey_modern_algebra_sections_1.1_to_1.2.lean:785:31: error: unexpected token '+'; expected ':=', 'where' or '|'\nsrc/maclane_birkhoff_survey_modern_algebra_sections_1.1_to_1.2.lean:792:0: error: invalid 'end', insufficient scopes\nsrc/maclane_birkhoff_survey_modern_algebra_sections_1.1_to_1.2.lean:794:34: error: unexpected token '*'; expected ':=', 'where' or '|'\nsrc/maclane_birkhoff_survey_modern_algebra_sections_1.1_to_1.2.lean:807:0: error: invalid 'end', insufficient scopes\nsrc/maclane_birkhoff_survey_modern_algebra_sections_1.1_to_1.2.lean:810:37: error: unexpected token '*'; expected ':=', 'where' or '|'\nsrc/maclane_birkhoff_survey_modern_algebra_sections_1.1_to_1.2.lean:823:0: error: invalid 'end', insufficient scopes\nsrc/maclane_birkhoff_survey_modern_algebra_sections_1.1_to_1.2.lean:825:39: error: unexpected token '+'; expected ')', ',' or ':'\nsrc/maclane_birkhoff_survey_modern_algebra_sections_1.1_to_1.2.lean:838:0: error: invalid 'end', insufficient scopes\nsrc/maclane_birkhoff_survey_modern_algebra_sections_1.1_to_1.2.lean:840:31: error: unexpected token '*'; expected ':=', 'where' or '|'\nsrc/maclane_birkhoff_survey_modern_algebra_sections_1.1_to_1.2.lean:847:0: error: invalid 'end', insufficient scopes\nsrc/maclane_birkhoff_survey_modern_algebra_sections_1.1_to_1.2.lean:849:59: error: unexpected token '*'; expected ')'\nsrc/maclane_birkhoff_survey_modern_algebra_sections_1.1_to_1.2.lean:862:0: error: invalid 'end', insufficient scopes\nsrc/maclane_birkhoff_survey_modern_algebra_sections_1.1_to_1.2.lean:864:28: error: unknown constant 'CoeFun'\nsrc/maclane_birkhoff_survey_modern_algebra_sections_1.1_to_1.2.lean:864:28: error: unknown constant 'sorryAx'\nsrc/maclane_birkhoff_survey_modern_algebra_sections_1.1_to_1.2.lean:865:0: error: invalid {...} notation, expected type is not known\nsrc/maclane_birkhoff_survey_modern_algebra_sections_1.1_to_1.2.lean:865:0: error: unknown constant 'sorryAx'\nsrc/maclane_birkhoff_survey_modern_algebra_sections_1.1_to_1.2.lean:886:11: error: unknown constant 'CoeFun'\nsrc/maclane_birkhoff_survey_modern_algebra_sections_1.1_to_1.2.lean:886:11: error: unknown constant 'sorryAx'\nsrc/maclane_birkhoff_survey_modern_algebra_sections_1.1_to_1.2.lean:886:33: error: unknown identifier 'nat.prime_two'\nsrc/maclane_birkhoff_survey_modern_algebra_sections_1.1_to_1.2.lean:886:33: error: unknown constant 'sorryAx'\nsrc/maclane_birkhoff_survey_modern_algebra_sections_1.1_to_1.2.lean:889:60: error: unknown tactic\nsrc/maclane_birkhoff_survey_modern_algebra_sections_1.1_to_1.2.lean:889:56: error: unsolved goals\nx\u271d : Sort ?u.490\nintegral_domain : x\u271d\n\u22a2 ?m.499\nsrc/maclane_birkhoff_survey_modern_algebra_sections_1.1_to_1.2.lean:891:0: error: invalid 'end', insufficient scopes\nsrc/maclane_birkhoff_survey_modern_algebra_sections_1.1_to_1.2.lean:901:11: error: unexpected token ':='; expected '=>'\nsrc/maclane_birkhoff_survey_modern_algebra_sections_1.1_to_1.2.lean:904:11: error: unexpected token ':='; expected '=>'\nsrc/maclane_birkhoff_survey_modern_algebra_sections_1.1_to_1.2.lean:907:6: error: unexpected token ':='; expected '=>'\nsrc/maclane_birkhoff_survey_modern_algebra_sections_1.1_to_1.2.lean:909:11: error: unknown constant 'CoeFun'\nsrc/maclane_birkhoff_survey_modern_algebra_sections_1.1_to_1.2.lean:909:11: error: unknown constant 'sorryAx'\nsrc/maclane_birkhoff_survey_modern_algebra_sections_1.1_to_1.2.lean:909:24: error: invalid constructor \u27e8...\u27e9, expected type must be an inductive type \n  ?m.551\nsrc/maclane_birkhoff_survey_modern_algebra_sections_1.1_to_1.2.lean:909:24: error: unknown constant 'sorryAx'\nsrc/maclane_birkhoff_survey_modern_algebra_sections_1.1_to_1.2.lean:910:11: error: unknown constant 'CoeFun'\nsrc/maclane_birkhoff_survey_modern_algebra_sections_1.1_to_1.2.lean:910:11: error: unknown constant 'sorryAx'\nsrc/maclane_birkhoff_survey_modern_algebra_sections_1.1_to_1.2.lean:910:24: error: invalid constructor \u27e8...\u27e9, expected type must be an inductive type \n  ?m.569\nsrc/maclane_birkhoff_survey_modern_algebra_sections_1.1_to_1.2.lean:910:24: error: unknown constant 'sorryAx'\nsrc/maclane_birkhoff_survey_modern_algebra_sections_1.1_to_1.2.lean:911:11: error: unknown constant 'CoeFun'\nsrc/maclane_birkhoff_survey_modern_algebra_sections_1.1_to_1.2.lean:911:11: error: unknown constant 'sorryAx'\nsrc/maclane_birkhoff_survey_modern_algebra_sections_1.1_to_1.2.lean:911:25: error: invalid constructor \u27e8...\u27e9, expected type must be an inductive type \n  ?m.587\nsrc/maclane_birkhoff_survey_modern_algebra_sections_1.1_to_1.2.lean:911:25: error: unknown constant 'sorryAx'\nsrc/maclane_birkhoff_survey_modern_algebra_sections_1.1_to_1.2.lean:912:11: error: unknown constant 'CoeFun'\nsrc/maclane_birkhoff_survey_modern_algebra_sections_1.1_to_1.2.lean:912:11: error: unknown constant 'sorryAx'\nsrc/maclane_birkhoff_survey_modern_algebra_sections_1.1_to_1.2.lean:912:24: error: invalid constructor \u27e8...\u27e9, expected type must be an inductive type \n  ?m.605\nsrc/maclane_birkhoff_survey_modern_algebra_sections_1.1_to_1.2.lean:912:24: error: unknown constant 'sorryAx'\nsrc/maclane_birkhoff_survey_modern_algebra_sections_1.1_to_1.2.lean:914:29: error: unexpected token '+'; expected ':=', 'where' or '|'\nsrc/maclane_birkhoff_survey_modern_algebra_sections_1.1_to_1.2.lean:918:0: error: invalid 'end', name is missing (expected ex7b)\nsrc/maclane_birkhoff_survey_modern_algebra_sections_1.1_to_1.2.lean:920:29: error: unexpected token '+'; expected ':=', 'where' or '|'\nsrc/maclane_birkhoff_survey_modern_algebra_sections_1.1_to_1.2.lean:924:0: error: invalid 'end', insufficient scopes\nsrc/maclane_birkhoff_survey_modern_algebra_sections_1.1_to_1.2.lean:926:34: error: unexpected token '+'; expected ':=', 'where' or '|'\nsrc/maclane_birkhoff_survey_modern_algebra_sections_1.1_to_1.2.lean:932:0: error: invalid 'end', insufficient scopes\nsrc/maclane_birkhoff_survey_modern_algebra_sections_1.1_to_1.2.lean:934:31: error: unexpected token '-'; expected term\nsrc/maclane_birkhoff_survey_modern_algebra_sections_1.1_to_1.2.lean:938:0: error: invalid 'end', insufficient scopes\nsrc/maclane_birkhoff_survey_modern_algebra_sections_1.1_to_1.2.lean:940:31: error: unexpected token '+'; expected ':=', 'where' or '|'\nsrc/maclane_birkhoff_survey_modern_algebra_sections_1.1_to_1.2.lean:945:0: error: invalid 'end', insufficient scopes\nsrc/maclane_birkhoff_survey_modern_algebra_sections_1.1_to_1.2.lean:947:34: error: unexpected token '*'; expected ':=', 'where' or '|'\nsrc/maclane_birkhoff_survey_modern_algebra_sections_1.1_to_1.2.lean:953:0: error: invalid 'end', insufficient scopes\nsrc/maclane_birkhoff_survey_modern_algebra_sections_1.1_to_1.2.lean:956:37: error: unexpected token '*'; expected ':=', 'where' or '|'\nsrc/maclane_birkhoff_survey_modern_algebra_sections_1.1_to_1.2.lean:962:0: error: invalid 'end', insufficient scopes\nsrc/maclane_birkhoff_survey_modern_algebra_sections_1.1_to_1.2.lean:964:39: error: unexpected token '+'; expected ')', ',' or ':'\nsrc/maclane_birkhoff_survey_modern_algebra_sections_1.1_to_1.2.lean:970:0: error: invalid 'end', insufficient scopes\nsrc/maclane_birkhoff_survey_modern_algebra_sections_1.1_to_1.2.lean:972:31: error: unexpected token '*'; expected ':=', 'where' or '|'\nsrc/maclane_birkhoff_survey_modern_algebra_sections_1.1_to_1.2.lean:977:0: error: invalid 'end', insufficient scopes\nsrc/maclane_birkhoff_survey_modern_algebra_sections_1.1_to_1.2.lean:979:59: error: unexpected token '*'; expected ')'\nsrc/maclane_birkhoff_survey_modern_algebra_sections_1.1_to_1.2.lean:985:0: error: invalid 'end', insufficient scopes\nsrc/maclane_birkhoff_survey_modern_algebra_sections_1.1_to_1.2.lean:987:0: error: invalid 'end', insufficient scopes\nsrc/maclane_birkhoff_survey_modern_algebra_sections_1.1_to_1.2.lean:989:0: error: unexpected identifier; expected command\nsrc/maclane_birkhoff_survey_modern_algebra_sections_1.1_to_1.2.lean:1012:0: error: invalid 'end', insufficient scopes\nsrc/maclane_birkhoff_survey_modern_algebra_sections_1.1_to_1.2.lean:1014:31: error: invalid binder annotation, type is not a class instance\n  ?m.735\nuse the command `set_option checkBinderAnnotations false` to disable the check\nsrc/maclane_birkhoff_survey_modern_algebra_sections_1.1_to_1.2.lean:1014:62: error: expected token\nsrc/maclane_birkhoff_survey_modern_algebra_sections_1.1_to_1.2.lean:1031:0: error: invalid 'end', insufficient scopes\nsrc/maclane_birkhoff_survey_modern_algebra_sections_1.1_to_1.2.lean:1043:30: error: unexpected token '+'; expected ')', ',' or ':'\nsrc/maclane_birkhoff_survey_modern_algebra_sections_1.1_to_1.2.lean:1044:26: error: unknown constant 'OfNat'\nsrc/maclane_birkhoff_survey_modern_algebra_sections_1.1_to_1.2.lean:1044:26: error: unknown constant 'sorryAx'\nthe following variables have been introduced by the implicit lambda feature\n  \u2124\u271d : Type ?u.791\nyou can disable implicit lambdas using `@` or writing a lambda expression with `{}` or `[]` binder annotations.\nsrc/maclane_birkhoff_survey_modern_algebra_sections_1.1_to_1.2.lean:1044:23: error: unknown constant 'sorryAx'\nsrc/maclane_birkhoff_survey_modern_algebra_sections_1.1_to_1.2.lean:1044:4: error: unknown constant 'sorryAx'\nsrc/maclane_birkhoff_survey_modern_algebra_sections_1.1_to_1.2.lean:1045:25: error: unexpected token '-'; expected ')' or term\nsrc/maclane_birkhoff_survey_modern_algebra_sections_1.1_to_1.2.lean:1046:21: error: unknown constant 'OfNat'\nsrc/maclane_birkhoff_survey_modern_algebra_sections_1.1_to_1.2.lean:1046:21: error: unknown constant 'sorryAx'\nthe following variables have been introduced by the implicit lambda feature\n  \u2124\u271d : Type ?u.816\nyou can disable implicit lambdas using `@` or writing a lambda expression with `{}` or `[]` binder annotations.\nsrc/maclane_birkhoff_survey_modern_algebra_sections_1.1_to_1.2.lean:1046:18: error: unknown constant 'sorryAx'\nsrc/maclane_birkhoff_survey_modern_algebra_sections_1.1_to_1.2.lean:1046:4: error: unknown constant 'sorryAx'\nsrc/maclane_birkhoff_survey_modern_algebra_sections_1.1_to_1.2.lean:1047:20: error: unknown constant 'OfNat'\nsrc/maclane_birkhoff_survey_modern_algebra_sections_1.1_to_1.2.lean:1047:20: error: unknown constant 'sorryAx'\nthe following variables have been introduced by the implicit lambda feature\n  \u2124\u271d : Type ?u.825\nyou can disable implicit lambdas using `@` or writing a lambda expression with `{}` or `[]` binder annotations.\nsrc/maclane_birkhoff_survey_modern_algebra_sections_1.1_to_1.2.lean:1047:17: error: unknown constant 'sorryAx'\nsrc/maclane_birkhoff_survey_modern_algebra_sections_1.1_to_1.2.lean:1047:4: error: unknown constant 'sorryAx'\nsrc/maclane_birkhoff_survey_modern_algebra_sections_1.1_to_1.2.lean:1049:11: error: unknown constant 'CoeFun'\nsrc/maclane_birkhoff_survey_modern_algebra_sections_1.1_to_1.2.lean:1049:11: error: unknown constant 'sorryAx'\nsrc/maclane_birkhoff_survey_modern_algebra_sections_1.1_to_1.2.lean:1049:24: error: invalid constructor \u27e8...\u27e9, expected type must be an inductive type \n  ?m.837\nsrc/maclane_birkhoff_survey_modern_algebra_sections_1.1_to_1.2.lean:1049:24: error: unknown constant 'sorryAx'\nsrc/maclane_birkhoff_survey_modern_algebra_sections_1.1_to_1.2.lean:1050:11: error: unknown constant 'CoeFun'\nsrc/maclane_birkhoff_survey_modern_algebra_sections_1.1_to_1.2.lean:1050:11: error: unknown constant 'sorryAx'\nsrc/maclane_birkhoff_survey_modern_algebra_sections_1.1_to_1.2.lean:1050:24: error: invalid constructor \u27e8...\u27e9, expected type must be an inductive type \n  ?m.855\nsrc/maclane_birkhoff_survey_modern_algebra_sections_1.1_to_1.2.lean:1050:24: error: unknown constant 'sorryAx'\nsrc/maclane_birkhoff_survey_modern_algebra_sections_1.1_to_1.2.lean:1051:11: error: unknown constant 'CoeFun'\nsrc/maclane_birkhoff_survey_modern_algebra_sections_1.1_to_1.2.lean:1051:11: error: unknown constant 'sorryAx'\nsrc/maclane_birkhoff_survey_modern_algebra_sections_1.1_to_1.2.lean:1051:25: error: invalid constructor \u27e8...\u27e9, expected type must be an inductive type \n  ?m.873\nsrc/maclane_birkhoff_survey_modern_algebra_sections_1.1_to_1.2.lean:1051:25: error: unknown constant 'sorryAx'\nsrc/maclane_birkhoff_survey_modern_algebra_sections_1.1_to_1.2.lean:1052:11: error: unknown constant 'CoeFun'\nsrc/maclane_birkhoff_survey_modern_algebra_sections_1.1_to_1.2.lean:1052:11: error: unknown constant 'sorryAx'\nsrc/maclane_birkhoff_survey_modern_algebra_sections_1.1_to_1.2.lean:1052:24: error: invalid constructor \u27e8...\u27e9, expected type must be an inductive type \n  ?m.891\nsrc/maclane_birkhoff_survey_modern_algebra_sections_1.1_to_1.2.lean:1052:24: error: unknown constant 'sorryAx'\nsrc/maclane_birkhoff_survey_modern_algebra_sections_1.1_to_1.2.lean:1053:11: error: unknown constant 'CoeFun'\nsrc/maclane_birkhoff_survey_modern_algebra_sections_1.1_to_1.2.lean:1053:11: error: unknown constant 'sorryAx'\nsrc/maclane_birkhoff_survey_modern_algebra_sections_1.1_to_1.2.lean:1053:24: error: invalid constructor \u27e8...\u27e9, expected type must be an inductive type \n  ?m.909\nsrc/maclane_birkhoff_survey_modern_algebra_sections_1.1_to_1.2.lean:1053:24: error: unknown constant 'sorryAx'\nsrc/maclane_birkhoff_survey_modern_algebra_sections_1.1_to_1.2.lean:1055:6: error: unexpected identifier; expected 'abbrev', 'axiom', 'builtin_initialize', 'class', 'def', 'elab', 'elab_rules', 'example', 'inductive', 'infix', 'infixl', 'infixr', 'initialize', 'instance', 'macro', 'macro_rules', 'notation', 'opaque', 'postfix', 'prefix', 'structure', 'syntax' or 'theorem'\nsrc/maclane_birkhoff_survey_modern_algebra_sections_1.1_to_1.2.lean:1058:33: error: unexpected token '+'; expected ':=', 'where' or '|'\nsrc/maclane_birkhoff_survey_modern_algebra_sections_1.1_to_1.2.lean:1066:0: error: invalid 'end', name is missing (expected ex9)\nsrc/maclane_birkhoff_survey_modern_algebra_sections_1.1_to_1.2.lean:1068:27: error: expected token\nsrc/maclane_birkhoff_survey_modern_algebra_sections_1.1_to_1.2.lean:1073:0: error: invalid 'end', insufficient scopes\nsrc/maclane_birkhoff_survey_modern_algebra_sections_1.1_to_1.2.lean:1075:29: error: unexpected token '+'; expected ':=', 'where' or '|'\nsrc/maclane_birkhoff_survey_modern_algebra_sections_1.1_to_1.2.lean:1083:0: error: invalid 'end', insufficient scopes\nsrc/maclane_birkhoff_survey_modern_algebra_sections_1.1_to_1.2.lean:1085:34: error: unexpected token '+'; expected ':=', 'where' or '|'\nsrc/maclane_birkhoff_survey_modern_algebra_sections_1.1_to_1.2.lean:1091:0: error: invalid 'end', insufficient scopes\nsrc/maclane_birkhoff_survey_modern_algebra_sections_1.1_to_1.2.lean:1093:31: error: unexpected token '-'; expected term\nsrc/maclane_birkhoff_survey_modern_algebra_sections_1.1_to_1.2.lean:1101:0: error: invalid 'end', insufficient scopes\nsrc/maclane_birkhoff_survey_modern_algebra_sections_1.1_to_1.2.lean:1103:31: error: unexpected token '+'; expected ':=', 'where' or '|'\nsrc/maclane_birkhoff_survey_modern_algebra_sections_1.1_to_1.2.lean:1109:0: error: invalid 'end', insufficient scopes\nsrc/maclane_birkhoff_survey_modern_algebra_sections_1.1_to_1.2.lean:1111:34: error: unexpected token '*'; expected ':=', 'where' or '|'\nsrc/maclane_birkhoff_survey_modern_algebra_sections_1.1_to_1.2.lean:1116:0: error: invalid 'end', insufficient scopes\nsrc/maclane_birkhoff_survey_modern_algebra_sections_1.1_to_1.2.lean:1119:37: error: unexpected token '*'; expected ':=', 'where' or '|'\nsrc/maclane_birkhoff_survey_modern_algebra_sections_1.1_to_1.2.lean:1127:0: error: invalid 'end', insufficient scopes\nsrc/maclane_birkhoff_survey_modern_algebra_sections_1.1_to_1.2.lean:1129:39: error: unexpected token '+'; expected ')', ',' or ':'\nsrc/maclane_birkhoff_survey_modern_algebra_sections_1.1_to_1.2.lean:1137:0: error: invalid 'end', insufficient scopes\nsrc/maclane_birkhoff_survey_modern_algebra_sections_1.1_to_1.2.lean:1139:31: error: unexpected token '*'; expected ':=', 'where' or '|'\nsrc/maclane_birkhoff_survey_modern_algebra_sections_1.1_to_1.2.lean:1144:0: error: invalid 'end', insufficient scopes\nsrc/maclane_birkhoff_survey_modern_algebra_sections_1.1_to_1.2.lean:1147:6: error: unexpected identifier; expected command\nsrc/maclane_birkhoff_survey_modern_algebra_sections_1.1_to_1.2.lean:1154:0: error: invalid 'end', insufficient scopes\nsrc/maclane_birkhoff_survey_modern_algebra_sections_1.1_to_1.2.lean:1156:6: error: unexpected identifier; expected command\nsrc/maclane_birkhoff_survey_modern_algebra_sections_1.1_to_1.2.lean:1173:0: error: invalid 'end', insufficient scopes\nsrc/maclane_birkhoff_survey_modern_algebra_sections_1.1_to_1.2.lean:1175:0: error: invalid 'end', insufficient scopes\nsrc/maclane_birkhoff_survey_modern_algebra_sections_1.1_to_1.2.lean:1180:19: error: expected token\nsrc/maclane_birkhoff_survey_modern_algebra_sections_1.1_to_1.2.lean:1181:19: error: unexpected token '-'; expected command\nsrc/maclane_birkhoff_survey_modern_algebra_sections_1.1_to_1.2.lean:1186:0: error: invalid 'end', name is missing (expected ex10)\nsrc/maclane_birkhoff_survey_modern_algebra_sections_1.1_to_1.2.lean:1188:20: error: expected token\nsrc/maclane_birkhoff_survey_modern_algebra_sections_1.1_to_1.2.lean:1194:0: error: invalid 'end', insufficient scopes\nsrc/maclane_birkhoff_survey_modern_algebra_sections_1.1_to_1.2.lean:1196:20: error: expected token\nsrc/maclane_birkhoff_survey_modern_algebra_sections_1.1_to_1.2.lean:1201:0: error: invalid 'end', insufficient scopes\nsrc/maclane_birkhoff_survey_modern_algebra_sections_1.1_to_1.2.lean:1203:31: error: expected token\nsrc/maclane_birkhoff_survey_modern_algebra_sections_1.1_to_1.2.lean:1210:0: error: invalid 'end', insufficient scopes\nsrc/maclane_birkhoff_survey_modern_algebra_sections_1.1_to_1.2.lean:1212:0: error: invalid 'end', insufficient scopes\nsrc/maclane_birkhoff_survey_modern_algebra_sections_1.1_to_1.2.lean:1214:0: error: invalid 'end', insufficient scopes\n\nStderr: ",
  "runtime": 1.139512538909912,
  "timestamp": "2025-08-22T12:33:25.459840"
}